<?xml version="1.0" encoding="UTF-8"?>
<testng-results ignored="0" total="1" passed="1" failed="0" skipped="0">
  <reporter-output>
  </reporter-output>
  <suite started-at="2023-03-17T15:40:15 SAST" name="Default suite" finished-at="2023-03-17T15:40:41 SAST" duration-ms="26851">
    <groups>
    </groups>
    <test started-at="2023-03-17T15:40:15 SAST" name="Default test" finished-at="2023-03-17T15:40:41 SAST" duration-ms="26851">
      <class name="com.sauce.qa.testpage.FinishPageTest">
        <test-method is-config="true" signature="setUp()[pri:0, instance:com.sauce.qa.testpage.FinishPageTest@6c80d78a]" started-at="2023-03-17T15:40:15 SAST" name="setUp" finished-at="2023-03-17T15:40:34 SAST" duration-ms="19489" status="PASS">
          <reporter-output>
          </reporter-output>
        </test-method> <!-- setUp -->
        <test-method signature="validateClickOnFinishPage()[pri:0, instance:com.sauce.qa.testpage.FinishPageTest@6c80d78a]" started-at="2023-03-17T15:40:34 SAST" name="validateClickOnFinishPage" finished-at="2023-03-17T15:40:41 SAST" duration-ms="7077" status="PASS">
          <reporter-output>
          </reporter-output>
        </test-method> <!-- validateClickOnFinishPage -->
        <test-method is-config="true" signature="tearDown(org.testng.ITestResult)[pri:0, instance:com.sauce.qa.testpage.FinishPageTest@6c80d78a]" started-at="2023-03-17T15:40:41 SAST" name="tearDown" finished-at="2023-03-17T15:40:41 SAST" duration-ms="257" status="PASS">
          <params>
            <param index="0">
              <value>
                <![CDATA[[TestResult name=validateClickOnFinishPage status=SUCCESS method=FinishPageTest.validateClickOnFinishPage()[pri:0, instance:com.sauce.qa.testpage.FinishPageTest@6c80d78a] output={null}]]]>
              </value>
            </param>
          </params>
          <reporter-output>
          </reporter-output>
        </test-method> <!-- tearDown -->
      </class> <!-- com.sauce.qa.testpage.FinishPageTest -->
    </test> <!-- Default test -->
  </suite> <!-- Default suite -->
</testng-results>
